Java HotSpot(TM) 64-Bit Server VM warning: ignoring option MaxPermSize=350m; support was removed in 8.0
Java HotSpot(TM) 64-Bit Server VM warning: ignoring option MaxPermSize=350m; support was removed in 8.0
[    113]   WARN - .intellij.util.EnvironmentUtil - can't get shell environment 
java.lang.Exception: bin:/Users/navneetgupta/Desktop/tools/WebStorm-141.1550/bin
	at com.intellij.util.EnvironmentUtil.getShellEnv(EnvironmentUtil.java:150)
	at com.intellij.util.EnvironmentUtil.access$000(EnvironmentUtil.java:41)
	at com.intellij.util.EnvironmentUtil$1.call(EnvironmentUtil.java:54)
	at com.intellij.util.EnvironmentUtil$1.call(EnvironmentUtil.java:50)
	at java.util.concurrent.FutureTask.run(FutureTask.java:266)
	at java.util.concurrent.ThreadPoolExecutor.runWorker(ThreadPoolExecutor.java:1142)
	at java.util.concurrent.ThreadPoolExecutor$Worker.run(ThreadPoolExecutor.java:617)
	at java.lang.Thread.run(Thread.java:748)
[   2624]   WARN - api.vfs.impl.local.FileWatcher - /Users/navneetgupta/Desktop/tools/WebStorm-141.1550/bin/fsnotifier: /Users/navneetgupta/Desktop/tools/WebStorm-141.1550/bin/fsnotifier: cannot execute binary file 
[   2632]   WARN - api.vfs.impl.local.FileWatcher - Watcher terminated with exit code 126 
[   2643]   WARN - api.vfs.impl.local.FileWatcher - /Users/navneetgupta/Desktop/tools/WebStorm-141.1550/bin/fsnotifier: /Users/navneetgupta/Desktop/tools/WebStorm-141.1550/bin/fsnotifier: cannot execute binary file 
[   2643]   WARN - api.vfs.impl.local.FileWatcher - Watcher terminated with exit code 126 
[   2654]   WARN - api.vfs.impl.local.FileWatcher - /Users/navneetgupta/Desktop/tools/WebStorm-141.1550/bin/fsnotifier: /Users/navneetgupta/Desktop/tools/WebStorm-141.1550/bin/fsnotifier: cannot execute binary file 
[   2654]   WARN - api.vfs.impl.local.FileWatcher - Watcher terminated with exit code 126 
[   2664]   WARN - api.vfs.impl.local.FileWatcher - /Users/navneetgupta/Desktop/tools/WebStorm-141.1550/bin/fsnotifier: /Users/navneetgupta/Desktop/tools/WebStorm-141.1550/bin/fsnotifier: cannot execute binary file 
[   2664]   WARN - api.vfs.impl.local.FileWatcher - Watcher terminated with exit code 126 
[   2675]   WARN - api.vfs.impl.local.FileWatcher - /Users/navneetgupta/Desktop/tools/WebStorm-141.1550/bin/fsnotifier: /Users/navneetgupta/Desktop/tools/WebStorm-141.1550/bin/fsnotifier: cannot execute binary file 
[   2675]   WARN - api.vfs.impl.local.FileWatcher - Watcher terminated with exit code 126 
[   2686]   WARN - api.vfs.impl.local.FileWatcher - /Users/navneetgupta/Desktop/tools/WebStorm-141.1550/bin/fsnotifier: /Users/navneetgupta/Desktop/tools/WebStorm-141.1550/bin/fsnotifier: cannot execute binary file 
[   2686]   WARN - api.vfs.impl.local.FileWatcher - Watcher terminated with exit code 126 
[   2696]   WARN - api.vfs.impl.local.FileWatcher - /Users/navneetgupta/Desktop/tools/WebStorm-141.1550/bin/fsnotifier: /Users/navneetgupta/Desktop/tools/WebStorm-141.1550/bin/fsnotifier: cannot execute binary file 
[   2697]   WARN - api.vfs.impl.local.FileWatcher - Watcher terminated with exit code 126 
[   2707]   WARN - api.vfs.impl.local.FileWatcher - /Users/navneetgupta/Desktop/tools/WebStorm-141.1550/bin/fsnotifier: /Users/navneetgupta/Desktop/tools/WebStorm-141.1550/bin/fsnotifier: cannot execute binary file 
[   2707]   WARN - api.vfs.impl.local.FileWatcher - Watcher terminated with exit code 126 
[   2718]   WARN - api.vfs.impl.local.FileWatcher - /Users/navneetgupta/Desktop/tools/WebStorm-141.1550/bin/fsnotifier: /Users/navneetgupta/Desktop/tools/WebStorm-141.1550/bin/fsnotifier: cannot execute binary file 
[   2719]   WARN - api.vfs.impl.local.FileWatcher - Watcher terminated with exit code 126 
[   2729]   WARN - api.vfs.impl.local.FileWatcher - /Users/navneetgupta/Desktop/tools/WebStorm-141.1550/bin/fsnotifier: /Users/navneetgupta/Desktop/tools/WebStorm-141.1550/bin/fsnotifier: cannot execute binary file 
[   2730]   WARN - api.vfs.impl.local.FileWatcher - Watcher terminated with exit code 126 
[   2740]   WARN - api.vfs.impl.local.FileWatcher - /Users/navneetgupta/Desktop/tools/WebStorm-141.1550/bin/fsnotifier: /Users/navneetgupta/Desktop/tools/WebStorm-141.1550/bin/fsnotifier: cannot execute binary file 
[   2740]   WARN - api.vfs.impl.local.FileWatcher - Watcher terminated with exit code 126 
[   2743]   WARN - api.vfs.impl.local.FileWatcher - File watcher failed to start 
[   2833]  ERROR -    #com.intellij.lang.Language - Language with ID 'Markdown' is already registered: class com.vladsch.idea.multimarkdown.MarkdownLanguage 
java.lang.Throwable
	at com.intellij.openapi.diagnostic.Logger.error(Logger.java:115)
	at com.intellij.lang.Language.<init>(Language.java:81)
	at com.intellij.lang.Language.<init>(Language.java:66)
	at org.intellij.plugins.markdown.lang.MarkdownLanguage.<init>(MarkdownLanguage.java:25)
	at org.intellij.plugins.markdown.lang.MarkdownLanguage.<clinit>(MarkdownLanguage.java:22)
	at org.intellij.plugins.markdown.lang.MarkdownFileType.<init>(MarkdownFileType.java:30)
	at org.intellij.plugins.markdown.lang.MarkdownFileType.<clinit>(MarkdownFileType.java:27)
	at org.intellij.plugins.markdown.lang.MarkdownFileTypeFactory.createFileTypes(MarkdownFileTypeFactory.java:25)
	at com.intellij.openapi.fileTypes.impl.FileTypeManagerImpl.initStandardFileTypes(FileTypeManagerImpl.java:270)
	at com.intellij.openapi.fileTypes.impl.FileTypeManagerImpl.<init>(FileTypeManagerImpl.java:230)
	at sun.reflect.NativeConstructorAccessorImpl.newInstance0(Native Method)
	at sun.reflect.NativeConstructorAccessorImpl.newInstance(NativeConstructorAccessorImpl.java:62)
	at sun.reflect.DelegatingConstructorAccessorImpl.newInstance(DelegatingConstructorAccessorImpl.java:45)
	at java.lang.reflect.Constructor.newInstance(Constructor.java:423)
	at org.picocontainer.defaults.InstantiatingComponentAdapter.newInstance(InstantiatingComponentAdapter.java:193)
	at org.picocontainer.defaults.ConstructorInjectionComponentAdapter$1.run(ConstructorInjectionComponentAdapter.java:220)
	at org.picocontainer.defaults.ThreadLocalCyclicDependencyGuard.observe(ThreadLocalCyclicDependencyGuard.java:53)
	at org.picocontainer.defaults.ConstructorInjectionComponentAdapter.getComponentInstance(ConstructorInjectionComponentAdapter.java:248)
	at com.intellij.util.pico.ConstructorInjectionComponentAdapter.getComponentInstance(ConstructorInjectionComponentAdapter.java:58)
	at com.intellij.openapi.components.impl.ComponentManagerImpl$ComponentConfigComponentAdapter$1.getComponentInstance(ComponentManagerImpl.java:550)
	at com.intellij.openapi.components.impl.ComponentManagerImpl$ComponentConfigComponentAdapter.getComponentInstance(ComponentManagerImpl.java:610)
	at com.intellij.util.pico.DefaultPicoContainer.getLocalInstance(DefaultPicoContainer.java:245)
	at com.intellij.util.pico.DefaultPicoContainer.getComponentInstance(DefaultPicoContainer.java:211)
	at com.intellij.openapi.components.impl.ComponentManagerImpl.createComponent(ComponentManagerImpl.java:125)
	at com.intellij.openapi.application.impl.ApplicationImpl.createComponent(ApplicationImpl.java:354)
	at com.intellij.openapi.components.impl.ComponentManagerImpl.a(ComponentManagerImpl.java:116)
	at com.intellij.openapi.components.impl.ComponentManagerImpl.init(ComponentManagerImpl.java:87)
	at com.intellij.openapi.components.impl.stores.ApplicationStoreImpl.load(ApplicationStoreImpl.java:101)
	at com.intellij.openapi.application.impl.ApplicationImpl.load(ApplicationImpl.java:499)
	at com.intellij.openapi.application.impl.ApplicationImpl.load(ApplicationImpl.java:481)
	at com.intellij.idea.IdeaApplication.run(IdeaApplication.java:170)
	at com.intellij.idea.MainImpl$1$1$1.run(MainImpl.java:62)
	at java.awt.event.InvocationEvent.dispatch(InvocationEvent.java:311)
	at java.awt.EventQueue.dispatchEventImpl(EventQueue.java:756)
	at java.awt.EventQueue.access$500(EventQueue.java:97)
	at java.awt.EventQueue$3.run(EventQueue.java:709)
	at java.awt.EventQueue$3.run(EventQueue.java:703)
	at java.security.AccessController.doPrivileged(Native Method)
	at java.security.ProtectionDomain$JavaSecurityAccessImpl.doIntersectionPrivilege(ProtectionDomain.java:80)
	at java.awt.EventQueue.dispatchEvent(EventQueue.java:726)
	at com.intellij.ide.IdeEventQueue.dispatchEvent(IdeEventQueue.java:362)
	at java.awt.EventDispatchThread.pumpOneEventForFilters(EventDispatchThread.java:201)
	at java.awt.EventDispatchThread.pumpEventsForFilter(EventDispatchThread.java:116)
	at java.awt.EventDispatchThread.pumpEventsForHierarchy(EventDispatchThread.java:105)
	at java.awt.EventDispatchThread.pumpEvents(EventDispatchThread.java:101)
	at java.awt.EventDispatchThread.pumpEvents(EventDispatchThread.java:93)
	at java.awt.EventDispatchThread.run(EventDispatchThread.java:82)
[   2833]  ERROR -    #com.intellij.lang.Language - WebStorm 10.0.4  Build #WS-141.1550 
[   2833]  ERROR -    #com.intellij.lang.Language - JDK: 1.8.0_131 
[   2834]  ERROR -    #com.intellij.lang.Language - VM: Java HotSpot(TM) 64-Bit Server VM 
[   2834]  ERROR -    #com.intellij.lang.Language - Vendor: Oracle Corporation 
[   2834]  ERROR -    #com.intellij.lang.Language - OS: Mac OS X 
[   4262]   WARN - om.intellij.util.ProfilingUtil - Profiling agent is not enabled. Add -agentlib:yjpagent to idea.vmoptions if necessary to profile IDEA. 
[   4334]   WARN - j.ui.mac.MacMainFrameDecorator - no url bundle present. 
To use platform protocol handler to open external links specify required protocols in the mac app layout section of the build file
Example: args.urlSchemes = ["your-protocol"] will handle following links: your-protocol://open?file=file&line=line 
[69172647]  ERROR - View.AbstractTreeStructureBase - Assertion failed 
java.lang.Throwable
	at com.intellij.openapi.diagnostic.Logger.assertTrue(Logger.java:144)
	at com.intellij.ide.util.treeView.AbstractTreeStructureBase.getChildElements(AbstractTreeStructureBase.java:45)
	at com.intellij.ide.util.treeView.AbstractTreeUi$32.perform(AbstractTreeUi.java:1624)
	at com.intellij.ide.util.treeView.TreeRunnable.run(TreeRunnable.java:33)
	at com.intellij.ide.util.treeView.AbstractTreeUi.execute(AbstractTreeUi.java:1830)
	at com.intellij.ide.util.treeView.AbstractTreeUi.getChildrenFor(AbstractTreeUi.java:1621)
	at com.intellij.ide.util.treeView.AbstractTreeUi.access$4700(AbstractTreeUi.java:62)
	at com.intellij.ide.util.treeView.AbstractTreeUi$31.perform(AbstractTreeUi.java:1546)
	at com.intellij.ide.util.treeView.TreeRunnable.run(TreeRunnable.java:33)
	at com.intellij.ide.util.treeView.AbstractTreeUi.execute(AbstractTreeUi.java:1830)
	at com.intellij.ide.util.treeView.AbstractTreeUi.processUnbuilt(AbstractTreeUi.java:1533)
	at com.intellij.ide.util.treeView.AbstractTreeUi.doUpdateChildren(AbstractTreeUi.java:1259)
	at com.intellij.ide.util.treeView.AbstractTreeUi.access$3100(AbstractTreeUi.java:62)
	at com.intellij.ide.util.treeView.AbstractTreeUi$26$1.perform(AbstractTreeUi.java:1182)
	at com.intellij.ide.util.treeView.TreeRunnable.run(TreeRunnable.java:33)
	at com.intellij.ide.util.treeView.AbstractTreeUi.execute(AbstractTreeUi.java:1830)
	at com.intellij.ide.util.treeView.AbstractTreeUi.access$2500(AbstractTreeUi.java:62)
	at com.intellij.ide.util.treeView.AbstractTreeUi$26.perform(AbstractTreeUi.java:1179)
	at com.intellij.ide.util.treeView.TreeRunnable.run(TreeRunnable.java:33)
	at com.intellij.openapi.util.ExecutionCallback.doWhenExecuted(ExecutionCallback.java:101)
	at com.intellij.openapi.util.ActionCallback.doWhenDone(ActionCallback.java:108)
	at com.intellij.ide.util.treeView.AbstractTreeUi.updateNodeChildren(AbstractTreeUi.java:1174)
	at com.intellij.ide.util.treeView.AbstractTreeUi.updateSubtreeNow(AbstractTreeUi.java:1080)
	at com.intellij.ide.util.treeView.AbstractTreeUpdater$3.perform(AbstractTreeUpdater.java:258)
	at com.intellij.ide.util.treeView.TreeRunnable.run(TreeRunnable.java:33)
	at com.intellij.openapi.util.ExecutionCallback.doWhenExecuted(ExecutionCallback.java:101)
	at com.intellij.openapi.util.ActionCallback.doWhenDone(ActionCallback.java:108)
	at com.intellij.ide.util.treeView.AbstractTreeUpdater.performUpdate(AbstractTreeUpdater.java:254)
	at com.intellij.ide.util.treeView.AbstractTreeUi$13.perform(AbstractTreeUi.java:510)
	at com.intellij.ide.util.treeView.TreeRunnable.run(TreeRunnable.java:33)
	at com.intellij.openapi.util.ExecutionCallback.doWhenExecuted(ExecutionCallback.java:101)
	at com.intellij.openapi.util.ActionCallback.doWhenDone(ActionCallback.java:108)
	at com.intellij.ide.util.treeView.AbstractTreeUi.doExpandNodeChildren(AbstractTreeUi.java:506)
	at com.intellij.ide.util.treeView.AbstractTreeBuilder.expandNodeChildren(AbstractTreeBuilder.java:355)
	at com.intellij.ide.projectView.BaseProjectTreeBuilder.expandNodeChildren(BaseProjectTreeBuilder.java:118)
	at com.intellij.ide.util.treeView.AbstractTreeUi$MyExpansionListener.treeExpanded(AbstractTreeUi.java:4817)
	at javax.swing.JTree.fireTreeExpanded(JTree.java:2775)
	at javax.swing.JTree.setExpandedState(JTree.java:3629)
	at javax.swing.JTree.expandPath(JTree.java:2212)
	at javax.swing.plaf.basic.BasicTreeUI.toggleExpandState(BasicTreeUI.java:2286)
	at javax.swing.plaf.basic.BasicTreeUI.handleExpandControlClick(BasicTreeUI.java:2273)
	at javax.swing.plaf.basic.BasicTreeUI.checkForClickInExpandControl(BasicTreeUI.java:2231)
	at javax.swing.plaf.basic.BasicTreeUI$Handler.handleSelection(BasicTreeUI.java:3600)
	at javax.swing.plaf.basic.BasicTreeUI$Handler.mousePressed(BasicTreeUI.java:3548)
	at com.intellij.openapi.wm.impl.IdeGlassPaneImpl.a(IdeGlassPaneImpl.java:416)
	at com.intellij.openapi.wm.impl.IdeGlassPaneImpl.dispatch(IdeGlassPaneImpl.java:220)
	at com.intellij.ide.IdeEventQueue._dispatchEvent(IdeEventQueue.java:524)
	at com.intellij.ide.IdeEventQueue.dispatchEvent(IdeEventQueue.java:382)
	at java.awt.EventDispatchThread.pumpOneEventForFilters(EventDispatchThread.java:201)
	at java.awt.EventDispatchThread.pumpEventsForFilter(EventDispatchThread.java:116)
	at java.awt.EventDispatchThread.pumpEventsForHierarchy(EventDispatchThread.java:105)
	at java.awt.EventDispatchThread.pumpEvents(EventDispatchThread.java:101)
	at java.awt.EventDispatchThread.pumpEvents(EventDispatchThread.java:93)
	at java.awt.EventDispatchThread.run(EventDispatchThread.java:82)
[69172656]  ERROR - View.AbstractTreeStructureBase - WebStorm 10.0.4  Build #WS-141.1550 
[69172656]  ERROR - View.AbstractTreeStructureBase - JDK: 1.8.0_131 
[69172656]  ERROR - View.AbstractTreeStructureBase - VM: Java HotSpot(TM) 64-Bit Server VM 
[69172656]  ERROR - View.AbstractTreeStructureBase - Vendor: Oracle Corporation 
[69172656]  ERROR - View.AbstractTreeStructureBase - OS: Mac OS X 
[69172656]  ERROR - View.AbstractTreeStructureBase - Last Action: $Delete 
[69172657]  ERROR - llij.ide.plugins.PluginManager - null 
java.lang.NullPointerException
	at com.intellij.ide.util.treeView.AbstractTreeStructureBase.getChildElements(AbstractTreeStructureBase.java:47)
	at com.intellij.ide.util.treeView.AbstractTreeUi$32.perform(AbstractTreeUi.java:1624)
	at com.intellij.ide.util.treeView.TreeRunnable.run(TreeRunnable.java:33)
	at com.intellij.ide.util.treeView.AbstractTreeUi.execute(AbstractTreeUi.java:1830)
	at com.intellij.ide.util.treeView.AbstractTreeUi.getChildrenFor(AbstractTreeUi.java:1621)
	at com.intellij.ide.util.treeView.AbstractTreeUi.access$4700(AbstractTreeUi.java:62)
	at com.intellij.ide.util.treeView.AbstractTreeUi$31.perform(AbstractTreeUi.java:1546)
	at com.intellij.ide.util.treeView.TreeRunnable.run(TreeRunnable.java:33)
	at com.intellij.ide.util.treeView.AbstractTreeUi.execute(AbstractTreeUi.java:1830)
	at com.intellij.ide.util.treeView.AbstractTreeUi.processUnbuilt(AbstractTreeUi.java:1533)
	at com.intellij.ide.util.treeView.AbstractTreeUi.doUpdateChildren(AbstractTreeUi.java:1259)
	at com.intellij.ide.util.treeView.AbstractTreeUi.access$3100(AbstractTreeUi.java:62)
	at com.intellij.ide.util.treeView.AbstractTreeUi$26$1.perform(AbstractTreeUi.java:1182)
	at com.intellij.ide.util.treeView.TreeRunnable.run(TreeRunnable.java:33)
	at com.intellij.ide.util.treeView.AbstractTreeUi.execute(AbstractTreeUi.java:1830)
	at com.intellij.ide.util.treeView.AbstractTreeUi.access$2500(AbstractTreeUi.java:62)
	at com.intellij.ide.util.treeView.AbstractTreeUi$26.perform(AbstractTreeUi.java:1179)
	at com.intellij.ide.util.treeView.TreeRunnable.run(TreeRunnable.java:33)
	at com.intellij.openapi.util.ExecutionCallback.doWhenExecuted(ExecutionCallback.java:101)
	at com.intellij.openapi.util.ActionCallback.doWhenDone(ActionCallback.java:108)
	at com.intellij.ide.util.treeView.AbstractTreeUi.updateNodeChildren(AbstractTreeUi.java:1174)
	at com.intellij.ide.util.treeView.AbstractTreeUi.updateSubtreeNow(AbstractTreeUi.java:1080)
	at com.intellij.ide.util.treeView.AbstractTreeUpdater$3.perform(AbstractTreeUpdater.java:258)
	at com.intellij.ide.util.treeView.TreeRunnable.run(TreeRunnable.java:33)
	at com.intellij.openapi.util.ExecutionCallback.doWhenExecuted(ExecutionCallback.java:101)
	at com.intellij.openapi.util.ActionCallback.doWhenDone(ActionCallback.java:108)
	at com.intellij.ide.util.treeView.AbstractTreeUpdater.performUpdate(AbstractTreeUpdater.java:254)
	at com.intellij.ide.util.treeView.AbstractTreeUi$13.perform(AbstractTreeUi.java:510)
	at com.intellij.ide.util.treeView.TreeRunnable.run(TreeRunnable.java:33)
	at com.intellij.openapi.util.ExecutionCallback.doWhenExecuted(ExecutionCallback.java:101)
	at com.intellij.openapi.util.ActionCallback.doWhenDone(ActionCallback.java:108)
	at com.intellij.ide.util.treeView.AbstractTreeUi.doExpandNodeChildren(AbstractTreeUi.java:506)
	at com.intellij.ide.util.treeView.AbstractTreeBuilder.expandNodeChildren(AbstractTreeBuilder.java:355)
	at com.intellij.ide.projectView.BaseProjectTreeBuilder.expandNodeChildren(BaseProjectTreeBuilder.java:118)
	at com.intellij.ide.util.treeView.AbstractTreeUi$MyExpansionListener.treeExpanded(AbstractTreeUi.java:4817)
	at javax.swing.JTree.fireTreeExpanded(JTree.java:2775)
	at javax.swing.JTree.setExpandedState(JTree.java:3629)
	at javax.swing.JTree.expandPath(JTree.java:2212)
	at javax.swing.plaf.basic.BasicTreeUI.toggleExpandState(BasicTreeUI.java:2286)
	at javax.swing.plaf.basic.BasicTreeUI.handleExpandControlClick(BasicTreeUI.java:2273)
	at javax.swing.plaf.basic.BasicTreeUI.checkForClickInExpandControl(BasicTreeUI.java:2231)
	at javax.swing.plaf.basic.BasicTreeUI$Handler.handleSelection(BasicTreeUI.java:3600)
	at javax.swing.plaf.basic.BasicTreeUI$Handler.mousePressed(BasicTreeUI.java:3548)
	at com.intellij.openapi.wm.impl.IdeGlassPaneImpl.a(IdeGlassPaneImpl.java:416)
	at com.intellij.openapi.wm.impl.IdeGlassPaneImpl.dispatch(IdeGlassPaneImpl.java:220)
	at com.intellij.ide.IdeEventQueue._dispatchEvent(IdeEventQueue.java:524)
	at com.intellij.ide.IdeEventQueue.dispatchEvent(IdeEventQueue.java:382)
	at java.awt.EventDispatchThread.pumpOneEventForFilters(EventDispatchThread.java:201)
	at java.awt.EventDispatchThread.pumpEventsForFilter(EventDispatchThread.java:116)
	at java.awt.EventDispatchThread.pumpEventsForHierarchy(EventDispatchThread.java:105)
	at java.awt.EventDispatchThread.pumpEvents(EventDispatchThread.java:101)
	at java.awt.EventDispatchThread.pumpEvents(EventDispatchThread.java:93)
	at java.awt.EventDispatchThread.run(EventDispatchThread.java:82)
[69172657]  ERROR - llij.ide.plugins.PluginManager - WebStorm 10.0.4  Build #WS-141.1550 
[69172657]  ERROR - llij.ide.plugins.PluginManager - JDK: 1.8.0_131 
[69172657]  ERROR - llij.ide.plugins.PluginManager - VM: Java HotSpot(TM) 64-Bit Server VM 
[69172657]  ERROR - llij.ide.plugins.PluginManager - Vendor: Oracle Corporation 
[69172658]  ERROR - llij.ide.plugins.PluginManager - OS: Mac OS X 
[69172658]  ERROR - llij.ide.plugins.PluginManager - Last Action: $Delete 
[69173599]  ERROR - View.AbstractTreeStructureBase - Assertion failed 
java.lang.Throwable
	at com.intellij.openapi.diagnostic.Logger.assertTrue(Logger.java:144)
	at com.intellij.ide.util.treeView.AbstractTreeStructureBase.getChildElements(AbstractTreeStructureBase.java:45)
	at com.intellij.ide.util.treeView.AbstractTreeUi$32.perform(AbstractTreeUi.java:1624)
	at com.intellij.ide.util.treeView.TreeRunnable.run(TreeRunnable.java:33)
	at com.intellij.ide.util.treeView.AbstractTreeUi.execute(AbstractTreeUi.java:1830)
	at com.intellij.ide.util.treeView.AbstractTreeUi.getChildrenFor(AbstractTreeUi.java:1621)
	at com.intellij.ide.util.treeView.AbstractTreeUi.access$4700(AbstractTreeUi.java:62)
	at com.intellij.ide.util.treeView.AbstractTreeUi$31.perform(AbstractTreeUi.java:1546)
	at com.intellij.ide.util.treeView.TreeRunnable.run(TreeRunnable.java:33)
	at com.intellij.ide.util.treeView.AbstractTreeUi.execute(AbstractTreeUi.java:1830)
	at com.intellij.ide.util.treeView.AbstractTreeUi.processUnbuilt(AbstractTreeUi.java:1533)
	at com.intellij.ide.util.treeView.AbstractTreeUi.doUpdateChildren(AbstractTreeUi.java:1259)
	at com.intellij.ide.util.treeView.AbstractTreeUi.access$3100(AbstractTreeUi.java:62)
	at com.intellij.ide.util.treeView.AbstractTreeUi$26$1.perform(AbstractTreeUi.java:1182)
	at com.intellij.ide.util.treeView.TreeRunnable.run(TreeRunnable.java:33)
	at com.intellij.ide.util.treeView.AbstractTreeUi.execute(AbstractTreeUi.java:1830)
	at com.intellij.ide.util.treeView.AbstractTreeUi.access$2500(AbstractTreeUi.java:62)
	at com.intellij.ide.util.treeView.AbstractTreeUi$26.perform(AbstractTreeUi.java:1179)
	at com.intellij.ide.util.treeView.TreeRunnable.run(TreeRunnable.java:33)
	at com.intellij.openapi.util.ExecutionCallback.doWhenExecuted(ExecutionCallback.java:101)
	at com.intellij.openapi.util.ActionCallback.doWhenDone(ActionCallback.java:108)
	at com.intellij.ide.util.treeView.AbstractTreeUi.updateNodeChildren(AbstractTreeUi.java:1174)
	at com.intellij.ide.util.treeView.AbstractTreeUi.updateSubtreeNow(AbstractTreeUi.java:1080)
	at com.intellij.ide.util.treeView.AbstractTreeUpdater$3.perform(AbstractTreeUpdater.java:258)
	at com.intellij.ide.util.treeView.TreeRunnable.run(TreeRunnable.java:33)
	at com.intellij.openapi.util.ExecutionCallback.doWhenExecuted(ExecutionCallback.java:101)
	at com.intellij.openapi.util.ActionCallback.doWhenDone(ActionCallback.java:108)
	at com.intellij.ide.util.treeView.AbstractTreeUpdater.performUpdate(AbstractTreeUpdater.java:254)
	at com.intellij.ide.util.treeView.AbstractTreeUi$13.perform(AbstractTreeUi.java:510)
	at com.intellij.ide.util.treeView.TreeRunnable.run(TreeRunnable.java:33)
	at com.intellij.openapi.util.ExecutionCallback.doWhenExecuted(ExecutionCallback.java:101)
	at com.intellij.openapi.util.ActionCallback.doWhenDone(ActionCallback.java:108)
	at com.intellij.ide.util.treeView.AbstractTreeUi.doExpandNodeChildren(AbstractTreeUi.java:506)
	at com.intellij.ide.util.treeView.AbstractTreeBuilder.expandNodeChildren(AbstractTreeBuilder.java:355)
	at com.intellij.ide.projectView.BaseProjectTreeBuilder.expandNodeChildren(BaseProjectTreeBuilder.java:118)
	at com.intellij.ide.util.treeView.AbstractTreeUi$MyExpansionListener.treeExpanded(AbstractTreeUi.java:4817)
	at javax.swing.JTree.fireTreeExpanded(JTree.java:2775)
	at javax.swing.JTree.setExpandedState(JTree.java:3629)
	at javax.swing.JTree.expandPath(JTree.java:2212)
	at javax.swing.plaf.basic.BasicTreeUI.toggleExpandState(BasicTreeUI.java:2286)
	at javax.swing.plaf.basic.BasicTreeUI.handleExpandControlClick(BasicTreeUI.java:2273)
	at javax.swing.plaf.basic.BasicTreeUI.checkForClickInExpandControl(BasicTreeUI.java:2231)
	at javax.swing.plaf.basic.BasicTreeUI$Handler.handleSelection(BasicTreeUI.java:3600)
	at javax.swing.plaf.basic.BasicTreeUI$Handler.mousePressed(BasicTreeUI.java:3548)
	at java.awt.AWTEventMulticaster.mousePressed(AWTEventMulticaster.java:279)
	at java.awt.AWTEventMulticaster.mousePressed(AWTEventMulticaster.java:279)
	at java.awt.AWTEventMulticaster.mousePressed(AWTEventMulticaster.java:279)
	at java.awt.AWTEventMulticaster.mousePressed(AWTEventMulticaster.java:279)
	at java.awt.AWTEventMulticaster.mousePressed(AWTEventMulticaster.java:279)
	at java.awt.AWTEventMulticaster.mousePressed(AWTEventMulticaster.java:279)
	at java.awt.AWTEventMulticaster.mousePressed(AWTEventMulticaster.java:279)
	at java.awt.AWTEventMulticaster.mousePressed(AWTEventMulticaster.java:279)
	at java.awt.AWTEventMulticaster.mousePressed(AWTEventMulticaster.java:279)
	at java.awt.Component.processMouseEvent(Component.java:6530)
	at javax.swing.JComponent.processMouseEvent(JComponent.java:3324)
	at com.intellij.ui.treeStructure.Tree.processMouseEvent(Tree.java:421)
	at com.intellij.ide.dnd.aware.DnDAwareTree.processMouseEvent(DnDAwareTree.java:53)
	at java.awt.Component.processEvent(Component.java:6298)
	at java.awt.Container.processEvent(Container.java:2236)
	at java.awt.Component.dispatchEventImpl(Component.java:4889)
	at java.awt.Container.dispatchEventImpl(Container.java:2294)
	at java.awt.Component.dispatchEvent(Component.java:4711)
	at java.awt.LightweightDispatcher.retargetMouseEvent(Container.java:4888)
	at java.awt.LightweightDispatcher.processMouseEvent(Container.java:4522)
	at java.awt.LightweightDispatcher.dispatchEvent(Container.java:4466)
	at java.awt.Container.dispatchEventImpl(Container.java:2280)
	at java.awt.Window.dispatchEventImpl(Window.java:2746)
	at java.awt.Component.dispatchEvent(Component.java:4711)
	at java.awt.EventQueue.dispatchEventImpl(EventQueue.java:758)
	at java.awt.EventQueue.access$500(EventQueue.java:97)
	at java.awt.EventQueue$3.run(EventQueue.java:709)
	at java.awt.EventQueue$3.run(EventQueue.java:703)
	at java.security.AccessController.doPrivileged(Native Method)
	at java.security.ProtectionDomain$JavaSecurityAccessImpl.doIntersectionPrivilege(ProtectionDomain.java:80)
	at java.security.ProtectionDomain$JavaSecurityAccessImpl.doIntersectionPrivilege(ProtectionDomain.java:90)
	at java.awt.EventQueue$4.run(EventQueue.java:731)
	at java.awt.EventQueue$4.run(EventQueue.java:729)
	at java.security.AccessController.doPrivileged(Native Method)
	at java.security.ProtectionDomain$JavaSecurityAccessImpl.doIntersectionPrivilege(ProtectionDomain.java:80)
	at java.awt.EventQueue.dispatchEvent(EventQueue.java:728)
	at com.intellij.ide.IdeEventQueue.e(IdeEventQueue.java:734)
	at com.intellij.ide.IdeEventQueue._dispatchEvent(IdeEventQueue.java:565)
	at com.intellij.ide.IdeEventQueue.dispatchEvent(IdeEventQueue.java:382)
	at java.awt.EventDispatchThread.pumpOneEventForFilters(EventDispatchThread.java:201)
	at java.awt.EventDispatchThread.pumpEventsForFilter(EventDispatchThread.java:116)
	at java.awt.EventDispatchThread.pumpEventsForHierarchy(EventDispatchThread.java:105)
	at java.awt.EventDispatchThread.pumpEvents(EventDispatchThread.java:101)
	at java.awt.EventDispatchThread.pumpEvents(EventDispatchThread.java:93)
	at java.awt.EventDispatchThread.run(EventDispatchThread.java:82)
[69173600]  ERROR - View.AbstractTreeStructureBase - WebStorm 10.0.4  Build #WS-141.1550 
[69173600]  ERROR - View.AbstractTreeStructureBase - JDK: 1.8.0_131 
[69173600]  ERROR - View.AbstractTreeStructureBase - VM: Java HotSpot(TM) 64-Bit Server VM 
[69173600]  ERROR - View.AbstractTreeStructureBase - Vendor: Oracle Corporation 
[69173600]  ERROR - View.AbstractTreeStructureBase - OS: Mac OS X 
[69173600]  ERROR - View.AbstractTreeStructureBase - Last Action: $Delete 
[69173601]  ERROR - llij.ide.plugins.PluginManager - null 
java.lang.NullPointerException
	at com.intellij.ide.util.treeView.AbstractTreeStructureBase.getChildElements(AbstractTreeStructureBase.java:47)
	at com.intellij.ide.util.treeView.AbstractTreeUi$32.perform(AbstractTreeUi.java:1624)
	at com.intellij.ide.util.treeView.TreeRunnable.run(TreeRunnable.java:33)
	at com.intellij.ide.util.treeView.AbstractTreeUi.execute(AbstractTreeUi.java:1830)
	at com.intellij.ide.util.treeView.AbstractTreeUi.getChildrenFor(AbstractTreeUi.java:1621)
	at com.intellij.ide.util.treeView.AbstractTreeUi.access$4700(AbstractTreeUi.java:62)
	at com.intellij.ide.util.treeView.AbstractTreeUi$31.perform(AbstractTreeUi.java:1546)
	at com.intellij.ide.util.treeView.TreeRunnable.run(TreeRunnable.java:33)
	at com.intellij.ide.util.treeView.AbstractTreeUi.execute(AbstractTreeUi.java:1830)
	at com.intellij.ide.util.treeView.AbstractTreeUi.processUnbuilt(AbstractTreeUi.java:1533)
	at com.intellij.ide.util.treeView.AbstractTreeUi.doUpdateChildren(AbstractTreeUi.java:1259)
	at com.intellij.ide.util.treeView.AbstractTreeUi.access$3100(AbstractTreeUi.java:62)
	at com.intellij.ide.util.treeView.AbstractTreeUi$26$1.perform(AbstractTreeUi.java:1182)
	at com.intellij.ide.util.treeView.TreeRunnable.run(TreeRunnable.java:33)
	at com.intellij.ide.util.treeView.AbstractTreeUi.execute(AbstractTreeUi.java:1830)
	at com.intellij.ide.util.treeView.AbstractTreeUi.access$2500(AbstractTreeUi.java:62)
	at com.intellij.ide.util.treeView.AbstractTreeUi$26.perform(AbstractTreeUi.java:1179)
	at com.intellij.ide.util.treeView.TreeRunnable.run(TreeRunnable.java:33)
	at com.intellij.openapi.util.ExecutionCallback.doWhenExecuted(ExecutionCallback.java:101)
	at com.intellij.openapi.util.ActionCallback.doWhenDone(ActionCallback.java:108)
	at com.intellij.ide.util.treeView.AbstractTreeUi.updateNodeChildren(AbstractTreeUi.java:1174)
	at com.intellij.ide.util.treeView.AbstractTreeUi.updateSubtreeNow(AbstractTreeUi.java:1080)
	at com.intellij.ide.util.treeView.AbstractTreeUpdater$3.perform(AbstractTreeUpdater.java:258)
	at com.intellij.ide.util.treeView.TreeRunnable.run(TreeRunnable.java:33)
	at com.intellij.openapi.util.ExecutionCallback.doWhenExecuted(ExecutionCallback.java:101)
	at com.intellij.openapi.util.ActionCallback.doWhenDone(ActionCallback.java:108)
	at com.intellij.ide.util.treeView.AbstractTreeUpdater.performUpdate(AbstractTreeUpdater.java:254)
	at com.intellij.ide.util.treeView.AbstractTreeUi$13.perform(AbstractTreeUi.java:510)
	at com.intellij.ide.util.treeView.TreeRunnable.run(TreeRunnable.java:33)
	at com.intellij.openapi.util.ExecutionCallback.doWhenExecuted(ExecutionCallback.java:101)
	at com.intellij.openapi.util.ActionCallback.doWhenDone(ActionCallback.java:108)
	at com.intellij.ide.util.treeView.AbstractTreeUi.doExpandNodeChildren(AbstractTreeUi.java:506)
	at com.intellij.ide.util.treeView.AbstractTreeBuilder.expandNodeChildren(AbstractTreeBuilder.java:355)
	at com.intellij.ide.projectView.BaseProjectTreeBuilder.expandNodeChildren(BaseProjectTreeBuilder.java:118)
	at com.intellij.ide.util.treeView.AbstractTreeUi$MyExpansionListener.treeExpanded(AbstractTreeUi.java:4817)
	at javax.swing.JTree.fireTreeExpanded(JTree.java:2775)
	at javax.swing.JTree.setExpandedState(JTree.java:3629)
	at javax.swing.JTree.expandPath(JTree.java:2212)
	at javax.swing.plaf.basic.BasicTreeUI.toggleExpandState(BasicTreeUI.java:2286)
	at javax.swing.plaf.basic.BasicTreeUI.handleExpandControlClick(BasicTreeUI.java:2273)
	at javax.swing.plaf.basic.BasicTreeUI.checkForClickInExpandControl(BasicTreeUI.java:2231)
	at javax.swing.plaf.basic.BasicTreeUI$Handler.handleSelection(BasicTreeUI.java:3600)
	at javax.swing.plaf.basic.BasicTreeUI$Handler.mousePressed(BasicTreeUI.java:3548)
	at java.awt.AWTEventMulticaster.mousePressed(AWTEventMulticaster.java:279)
	at java.awt.AWTEventMulticaster.mousePressed(AWTEventMulticaster.java:279)
	at java.awt.AWTEventMulticaster.mousePressed(AWTEventMulticaster.java:279)
	at java.awt.AWTEventMulticaster.mousePressed(AWTEventMulticaster.java:279)
	at java.awt.AWTEventMulticaster.mousePressed(AWTEventMulticaster.java:279)
	at java.awt.AWTEventMulticaster.mousePressed(AWTEventMulticaster.java:279)
	at java.awt.AWTEventMulticaster.mousePressed(AWTEventMulticaster.java:279)
	at java.awt.AWTEventMulticaster.mousePressed(AWTEventMulticaster.java:279)
	at java.awt.AWTEventMulticaster.mousePressed(AWTEventMulticaster.java:279)
	at java.awt.Component.processMouseEvent(Component.java:6530)
	at javax.swing.JComponent.processMouseEvent(JComponent.java:3324)
	at com.intellij.ui.treeStructure.Tree.processMouseEvent(Tree.java:421)
	at com.intellij.ide.dnd.aware.DnDAwareTree.processMouseEvent(DnDAwareTree.java:53)
	at java.awt.Component.processEvent(Component.java:6298)
	at java.awt.Container.processEvent(Container.java:2236)
	at java.awt.Component.dispatchEventImpl(Component.java:4889)
	at java.awt.Container.dispatchEventImpl(Container.java:2294)
	at java.awt.Component.dispatchEvent(Component.java:4711)
	at java.awt.LightweightDispatcher.retargetMouseEvent(Container.java:4888)
	at java.awt.LightweightDispatcher.processMouseEvent(Container.java:4522)
	at java.awt.LightweightDispatcher.dispatchEvent(Container.java:4466)
	at java.awt.Container.dispatchEventImpl(Container.java:2280)
	at java.awt.Window.dispatchEventImpl(Window.java:2746)
	at java.awt.Component.dispatchEvent(Component.java:4711)
	at java.awt.EventQueue.dispatchEventImpl(EventQueue.java:758)
	at java.awt.EventQueue.access$500(EventQueue.java:97)
	at java.awt.EventQueue$3.run(EventQueue.java:709)
	at java.awt.EventQueue$3.run(EventQueue.java:703)
	at java.security.AccessController.doPrivileged(Native Method)
	at java.security.ProtectionDomain$JavaSecurityAccessImpl.doIntersectionPrivilege(ProtectionDomain.java:80)
	at java.security.ProtectionDomain$JavaSecurityAccessImpl.doIntersectionPrivilege(ProtectionDomain.java:90)
	at java.awt.EventQueue$4.run(EventQueue.java:731)
	at java.awt.EventQueue$4.run(EventQueue.java:729)
	at java.security.AccessController.doPrivileged(Native Method)
	at java.security.ProtectionDomain$JavaSecurityAccessImpl.doIntersectionPrivilege(ProtectionDomain.java:80)
	at java.awt.EventQueue.dispatchEvent(EventQueue.java:728)
	at com.intellij.ide.IdeEventQueue.e(IdeEventQueue.java:734)
	at com.intellij.ide.IdeEventQueue._dispatchEvent(IdeEventQueue.java:565)
	at com.intellij.ide.IdeEventQueue.dispatchEvent(IdeEventQueue.java:382)
	at java.awt.EventDispatchThread.pumpOneEventForFilters(EventDispatchThread.java:201)
	at java.awt.EventDispatchThread.pumpEventsForFilter(EventDispatchThread.java:116)
	at java.awt.EventDispatchThread.pumpEventsForHierarchy(EventDispatchThread.java:105)
	at java.awt.EventDispatchThread.pumpEvents(EventDispatchThread.java:101)
	at java.awt.EventDispatchThread.pumpEvents(EventDispatchThread.java:93)
	at java.awt.EventDispatchThread.run(EventDispatchThread.java:82)
[69173601]  ERROR - llij.ide.plugins.PluginManager - WebStorm 10.0.4  Build #WS-141.1550 
[69173601]  ERROR - llij.ide.plugins.PluginManager - JDK: 1.8.0_131 
[69173601]  ERROR - llij.ide.plugins.PluginManager - VM: Java HotSpot(TM) 64-Bit Server VM 
[69173601]  ERROR - llij.ide.plugins.PluginManager - Vendor: Oracle Corporation 
[69173601]  ERROR - llij.ide.plugins.PluginManager - OS: Mac OS X 
[69173601]  ERROR - llij.ide.plugins.PluginManager - Last Action: $Delete 
[86956411]  ERROR - View.AbstractTreeStructureBase - Assertion failed 
java.lang.Throwable
	at com.intellij.openapi.diagnostic.Logger.assertTrue(Logger.java:144)
	at com.intellij.ide.util.treeView.AbstractTreeStructureBase.getChildElements(AbstractTreeStructureBase.java:45)
	at com.intellij.ide.util.treeView.AbstractTreeUi$32.perform(AbstractTreeUi.java:1624)
	at com.intellij.ide.util.treeView.TreeRunnable.run(TreeRunnable.java:33)
	at com.intellij.ide.util.treeView.AbstractTreeUi.execute(AbstractTreeUi.java:1830)
	at com.intellij.ide.util.treeView.AbstractTreeUi.getChildrenFor(AbstractTreeUi.java:1621)
	at com.intellij.ide.util.treeView.AbstractTreeUi.access$4700(AbstractTreeUi.java:62)
	at com.intellij.ide.util.treeView.AbstractTreeUi$31.perform(AbstractTreeUi.java:1546)
	at com.intellij.ide.util.treeView.TreeRunnable.run(TreeRunnable.java:33)
	at com.intellij.ide.util.treeView.AbstractTreeUi.execute(AbstractTreeUi.java:1830)
	at com.intellij.ide.util.treeView.AbstractTreeUi.processUnbuilt(AbstractTreeUi.java:1533)
	at com.intellij.ide.util.treeView.AbstractTreeUi.doUpdateChildren(AbstractTreeUi.java:1259)
	at com.intellij.ide.util.treeView.AbstractTreeUi.access$3100(AbstractTreeUi.java:62)
	at com.intellij.ide.util.treeView.AbstractTreeUi$26$1.perform(AbstractTreeUi.java:1182)
	at com.intellij.ide.util.treeView.TreeRunnable.run(TreeRunnable.java:33)
	at com.intellij.ide.util.treeView.AbstractTreeUi.execute(AbstractTreeUi.java:1830)
	at com.intellij.ide.util.treeView.AbstractTreeUi.access$2500(AbstractTreeUi.java:62)
	at com.intellij.ide.util.treeView.AbstractTreeUi$26.perform(AbstractTreeUi.java:1179)
	at com.intellij.ide.util.treeView.TreeRunnable.run(TreeRunnable.java:33)
	at com.intellij.openapi.util.ExecutionCallback.doWhenExecuted(ExecutionCallback.java:101)
	at com.intellij.openapi.util.ActionCallback.doWhenDone(ActionCallback.java:108)
	at com.intellij.ide.util.treeView.AbstractTreeUi.updateNodeChildren(AbstractTreeUi.java:1174)
	at com.intellij.ide.util.treeView.AbstractTreeUi.updateSubtreeNow(AbstractTreeUi.java:1080)
	at com.intellij.ide.util.treeView.AbstractTreeUpdater$3.perform(AbstractTreeUpdater.java:258)
	at com.intellij.ide.util.treeView.TreeRunnable.run(TreeRunnable.java:33)
	at com.intellij.openapi.util.ExecutionCallback.doWhenExecuted(ExecutionCallback.java:101)
	at com.intellij.openapi.util.ActionCallback.doWhenDone(ActionCallback.java:108)
	at com.intellij.ide.util.treeView.AbstractTreeUpdater.performUpdate(AbstractTreeUpdater.java:254)
	at com.intellij.ide.util.treeView.AbstractTreeUi$13.perform(AbstractTreeUi.java:510)
	at com.intellij.ide.util.treeView.TreeRunnable.run(TreeRunnable.java:33)
	at com.intellij.openapi.util.ExecutionCallback.doWhenExecuted(ExecutionCallback.java:101)
	at com.intellij.openapi.util.ActionCallback.doWhenDone(ActionCallback.java:108)
	at com.intellij.ide.util.treeView.AbstractTreeUi.doExpandNodeChildren(AbstractTreeUi.java:506)
	at com.intellij.ide.util.treeView.AbstractTreeBuilder.expandNodeChildren(AbstractTreeBuilder.java:355)
	at com.intellij.ide.projectView.BaseProjectTreeBuilder.expandNodeChildren(BaseProjectTreeBuilder.java:118)
	at com.intellij.ide.util.treeView.AbstractTreeUi$MyExpansionListener.treeExpanded(AbstractTreeUi.java:4817)
	at javax.swing.JTree.fireTreeExpanded(JTree.java:2775)
	at javax.swing.JTree.setExpandedState(JTree.java:3629)
	at javax.swing.JTree.expandPath(JTree.java:2212)
	at javax.swing.plaf.basic.BasicTreeUI.toggleExpandState(BasicTreeUI.java:2286)
	at javax.swing.plaf.basic.BasicTreeUI.handleExpandControlClick(BasicTreeUI.java:2273)
	at javax.swing.plaf.basic.BasicTreeUI.checkForClickInExpandControl(BasicTreeUI.java:2231)
	at javax.swing.plaf.basic.BasicTreeUI$Handler.handleSelection(BasicTreeUI.java:3600)
	at javax.swing.plaf.basic.BasicTreeUI$Handler.mousePressed(BasicTreeUI.java:3548)
	at java.awt.AWTEventMulticaster.mousePressed(AWTEventMulticaster.java:279)
	at java.awt.AWTEventMulticaster.mousePressed(AWTEventMulticaster.java:279)
	at java.awt.AWTEventMulticaster.mousePressed(AWTEventMulticaster.java:279)
	at java.awt.AWTEventMulticaster.mousePressed(AWTEventMulticaster.java:279)
	at java.awt.AWTEventMulticaster.mousePressed(AWTEventMulticaster.java:279)
	at java.awt.AWTEventMulticaster.mousePressed(AWTEventMulticaster.java:279)
	at java.awt.AWTEventMulticaster.mousePressed(AWTEventMulticaster.java:279)
	at java.awt.AWTEventMulticaster.mousePressed(AWTEventMulticaster.java:279)
	at java.awt.AWTEventMulticaster.mousePressed(AWTEventMulticaster.java:279)
	at java.awt.Component.processMouseEvent(Component.java:6530)
	at javax.swing.JComponent.processMouseEvent(JComponent.java:3324)
	at com.intellij.ui.treeStructure.Tree.processMouseEvent(Tree.java:421)
	at com.intellij.ide.dnd.aware.DnDAwareTree.processMouseEvent(DnDAwareTree.java:53)
	at java.awt.Component.processEvent(Component.java:6298)
	at java.awt.Container.processEvent(Container.java:2236)
	at java.awt.Component.dispatchEventImpl(Component.java:4889)
	at java.awt.Container.dispatchEventImpl(Container.java:2294)
	at java.awt.Component.dispatchEvent(Component.java:4711)
	at java.awt.LightweightDispatcher.retargetMouseEvent(Container.java:4888)
	at java.awt.LightweightDispatcher.processMouseEvent(Container.java:4522)
	at java.awt.LightweightDispatcher.dispatchEvent(Container.java:4466)
	at java.awt.Container.dispatchEventImpl(Container.java:2280)
	at java.awt.Window.dispatchEventImpl(Window.java:2746)
	at java.awt.Component.dispatchEvent(Component.java:4711)
	at java.awt.EventQueue.dispatchEventImpl(EventQueue.java:758)
	at java.awt.EventQueue.access$500(EventQueue.java:97)
	at java.awt.EventQueue$3.run(EventQueue.java:709)
	at java.awt.EventQueue$3.run(EventQueue.java:703)
	at java.security.AccessController.doPrivileged(Native Method)
	at java.security.ProtectionDomain$JavaSecurityAccessImpl.doIntersectionPrivilege(ProtectionDomain.java:80)
	at java.security.ProtectionDomain$JavaSecurityAccessImpl.doIntersectionPrivilege(ProtectionDomain.java:90)
	at java.awt.EventQueue$4.run(EventQueue.java:731)
	at java.awt.EventQueue$4.run(EventQueue.java:729)
	at java.security.AccessController.doPrivileged(Native Method)
	at java.security.ProtectionDomain$JavaSecurityAccessImpl.doIntersectionPrivilege(ProtectionDomain.java:80)
	at java.awt.EventQueue.dispatchEvent(EventQueue.java:728)
	at com.intellij.ide.IdeEventQueue.e(IdeEventQueue.java:734)
	at com.intellij.ide.IdeEventQueue._dispatchEvent(IdeEventQueue.java:565)
	at com.intellij.ide.IdeEventQueue.dispatchEvent(IdeEventQueue.java:382)
	at java.awt.EventDispatchThread.pumpOneEventForFilters(EventDispatchThread.java:201)
	at java.awt.EventDispatchThread.pumpEventsForFilter(EventDispatchThread.java:116)
	at java.awt.EventDispatchThread.pumpEventsForHierarchy(EventDispatchThread.java:105)
	at java.awt.EventDispatchThread.pumpEvents(EventDispatchThread.java:101)
	at java.awt.EventDispatchThread.pumpEvents(EventDispatchThread.java:93)
	at java.awt.EventDispatchThread.run(EventDispatchThread.java:82)
[86956412]  ERROR - View.AbstractTreeStructureBase - WebStorm 10.0.4  Build #WS-141.1550 
[86956412]  ERROR - View.AbstractTreeStructureBase - JDK: 1.8.0_131 
[86956412]  ERROR - View.AbstractTreeStructureBase - VM: Java HotSpot(TM) 64-Bit Server VM 
[86956412]  ERROR - View.AbstractTreeStructureBase - Vendor: Oracle Corporation 
[86956412]  ERROR - View.AbstractTreeStructureBase - OS: Mac OS X 
[86956412]  ERROR - View.AbstractTreeStructureBase - Last Action: NewDir 
[86956413]  ERROR - llij.ide.plugins.PluginManager - null 
java.lang.NullPointerException
	at com.intellij.ide.util.treeView.AbstractTreeStructureBase.getChildElements(AbstractTreeStructureBase.java:47)
	at com.intellij.ide.util.treeView.AbstractTreeUi$32.perform(AbstractTreeUi.java:1624)
	at com.intellij.ide.util.treeView.TreeRunnable.run(TreeRunnable.java:33)
	at com.intellij.ide.util.treeView.AbstractTreeUi.execute(AbstractTreeUi.java:1830)
	at com.intellij.ide.util.treeView.AbstractTreeUi.getChildrenFor(AbstractTreeUi.java:1621)
	at com.intellij.ide.util.treeView.AbstractTreeUi.access$4700(AbstractTreeUi.java:62)
	at com.intellij.ide.util.treeView.AbstractTreeUi$31.perform(AbstractTreeUi.java:1546)
	at com.intellij.ide.util.treeView.TreeRunnable.run(TreeRunnable.java:33)
	at com.intellij.ide.util.treeView.AbstractTreeUi.execute(AbstractTreeUi.java:1830)
	at com.intellij.ide.util.treeView.AbstractTreeUi.processUnbuilt(AbstractTreeUi.java:1533)
	at com.intellij.ide.util.treeView.AbstractTreeUi.doUpdateChildren(AbstractTreeUi.java:1259)
	at com.intellij.ide.util.treeView.AbstractTreeUi.access$3100(AbstractTreeUi.java:62)
	at com.intellij.ide.util.treeView.AbstractTreeUi$26$1.perform(AbstractTreeUi.java:1182)
	at com.intellij.ide.util.treeView.TreeRunnable.run(TreeRunnable.java:33)
	at com.intellij.ide.util.treeView.AbstractTreeUi.execute(AbstractTreeUi.java:1830)
	at com.intellij.ide.util.treeView.AbstractTreeUi.access$2500(AbstractTreeUi.java:62)
	at com.intellij.ide.util.treeView.AbstractTreeUi$26.perform(AbstractTreeUi.java:1179)
	at com.intellij.ide.util.treeView.TreeRunnable.run(TreeRunnable.java:33)
	at com.intellij.openapi.util.ExecutionCallback.doWhenExecuted(ExecutionCallback.java:101)
	at com.intellij.openapi.util.ActionCallback.doWhenDone(ActionCallback.java:108)
	at com.intellij.ide.util.treeView.AbstractTreeUi.updateNodeChildren(AbstractTreeUi.java:1174)
	at com.intellij.ide.util.treeView.AbstractTreeUi.updateSubtreeNow(AbstractTreeUi.java:1080)
	at com.intellij.ide.util.treeView.AbstractTreeUpdater$3.perform(AbstractTreeUpdater.java:258)
	at com.intellij.ide.util.treeView.TreeRunnable.run(TreeRunnable.java:33)
	at com.intellij.openapi.util.ExecutionCallback.doWhenExecuted(ExecutionCallback.java:101)
	at com.intellij.openapi.util.ActionCallback.doWhenDone(ActionCallback.java:108)
	at com.intellij.ide.util.treeView.AbstractTreeUpdater.performUpdate(AbstractTreeUpdater.java:254)
	at com.intellij.ide.util.treeView.AbstractTreeUi$13.perform(AbstractTreeUi.java:510)
	at com.intellij.ide.util.treeView.TreeRunnable.run(TreeRunnable.java:33)
	at com.intellij.openapi.util.ExecutionCallback.doWhenExecuted(ExecutionCallback.java:101)
	at com.intellij.openapi.util.ActionCallback.doWhenDone(ActionCallback.java:108)
	at com.intellij.ide.util.treeView.AbstractTreeUi.doExpandNodeChildren(AbstractTreeUi.java:506)
	at com.intellij.ide.util.treeView.AbstractTreeBuilder.expandNodeChildren(AbstractTreeBuilder.java:355)
	at com.intellij.ide.projectView.BaseProjectTreeBuilder.expandNodeChildren(BaseProjectTreeBuilder.java:118)
	at com.intellij.ide.util.treeView.AbstractTreeUi$MyExpansionListener.treeExpanded(AbstractTreeUi.java:4817)
	at javax.swing.JTree.fireTreeExpanded(JTree.java:2775)
	at javax.swing.JTree.setExpandedState(JTree.java:3629)
	at javax.swing.JTree.expandPath(JTree.java:2212)
	at javax.swing.plaf.basic.BasicTreeUI.toggleExpandState(BasicTreeUI.java:2286)
	at javax.swing.plaf.basic.BasicTreeUI.handleExpandControlClick(BasicTreeUI.java:2273)
	at javax.swing.plaf.basic.BasicTreeUI.checkForClickInExpandControl(BasicTreeUI.java:2231)
	at javax.swing.plaf.basic.BasicTreeUI$Handler.handleSelection(BasicTreeUI.java:3600)
	at javax.swing.plaf.basic.BasicTreeUI$Handler.mousePressed(BasicTreeUI.java:3548)
	at java.awt.AWTEventMulticaster.mousePressed(AWTEventMulticaster.java:279)
	at java.awt.AWTEventMulticaster.mousePressed(AWTEventMulticaster.java:279)
	at java.awt.AWTEventMulticaster.mousePressed(AWTEventMulticaster.java:279)
	at java.awt.AWTEventMulticaster.mousePressed(AWTEventMulticaster.java:279)
	at java.awt.AWTEventMulticaster.mousePressed(AWTEventMulticaster.java:279)
	at java.awt.AWTEventMulticaster.mousePressed(AWTEventMulticaster.java:279)
	at java.awt.AWTEventMulticaster.mousePressed(AWTEventMulticaster.java:279)
	at java.awt.AWTEventMulticaster.mousePressed(AWTEventMulticaster.java:279)
	at java.awt.AWTEventMulticaster.mousePressed(AWTEventMulticaster.java:279)
	at java.awt.Component.processMouseEvent(Component.java:6530)
	at javax.swing.JComponent.processMouseEvent(JComponent.java:3324)
	at com.intellij.ui.treeStructure.Tree.processMouseEvent(Tree.java:421)
	at com.intellij.ide.dnd.aware.DnDAwareTree.processMouseEvent(DnDAwareTree.java:53)
	at java.awt.Component.processEvent(Component.java:6298)
	at java.awt.Container.processEvent(Container.java:2236)
	at java.awt.Component.dispatchEventImpl(Component.java:4889)
	at java.awt.Container.dispatchEventImpl(Container.java:2294)
	at java.awt.Component.dispatchEvent(Component.java:4711)
	at java.awt.LightweightDispatcher.retargetMouseEvent(Container.java:4888)
	at java.awt.LightweightDispatcher.processMouseEvent(Container.java:4522)
	at java.awt.LightweightDispatcher.dispatchEvent(Container.java:4466)
	at java.awt.Container.dispatchEventImpl(Container.java:2280)
	at java.awt.Window.dispatchEventImpl(Window.java:2746)
	at java.awt.Component.dispatchEvent(Component.java:4711)
	at java.awt.EventQueue.dispatchEventImpl(EventQueue.java:758)
	at java.awt.EventQueue.access$500(EventQueue.java:97)
	at java.awt.EventQueue$3.run(EventQueue.java:709)
	at java.awt.EventQueue$3.run(EventQueue.java:703)
	at java.security.AccessController.doPrivileged(Native Method)
	at java.security.ProtectionDomain$JavaSecurityAccessImpl.doIntersectionPrivilege(ProtectionDomain.java:80)
	at java.security.ProtectionDomain$JavaSecurityAccessImpl.doIntersectionPrivilege(ProtectionDomain.java:90)
	at java.awt.EventQueue$4.run(EventQueue.java:731)
	at java.awt.EventQueue$4.run(EventQueue.java:729)
	at java.security.AccessController.doPrivileged(Native Method)
	at java.security.ProtectionDomain$JavaSecurityAccessImpl.doIntersectionPrivilege(ProtectionDomain.java:80)
	at java.awt.EventQueue.dispatchEvent(EventQueue.java:728)
	at com.intellij.ide.IdeEventQueue.e(IdeEventQueue.java:734)
	at com.intellij.ide.IdeEventQueue._dispatchEvent(IdeEventQueue.java:565)
	at com.intellij.ide.IdeEventQueue.dispatchEvent(IdeEventQueue.java:382)
	at java.awt.EventDispatchThread.pumpOneEventForFilters(EventDispatchThread.java:201)
	at java.awt.EventDispatchThread.pumpEventsForFilter(EventDispatchThread.java:116)
	at java.awt.EventDispatchThread.pumpEventsForHierarchy(EventDispatchThread.java:105)
	at java.awt.EventDispatchThread.pumpEvents(EventDispatchThread.java:101)
	at java.awt.EventDispatchThread.pumpEvents(EventDispatchThread.java:93)
	at java.awt.EventDispatchThread.run(EventDispatchThread.java:82)
[86956413]  ERROR - llij.ide.plugins.PluginManager - WebStorm 10.0.4  Build #WS-141.1550 
[86956413]  ERROR - llij.ide.plugins.PluginManager - JDK: 1.8.0_131 
[86956413]  ERROR - llij.ide.plugins.PluginManager - VM: Java HotSpot(TM) 64-Bit Server VM 
[86956413]  ERROR - llij.ide.plugins.PluginManager - Vendor: Oracle Corporation 
[86956413]  ERROR - llij.ide.plugins.PluginManager - OS: Mac OS X 
[86956414]  ERROR - llij.ide.plugins.PluginManager - Last Action: NewDir 
